<?xml version="1.0" encoding="UTF-8"?>
<testng-results ignored="0" total="2" passed="2" failed="0" skipped="0">
  <reporter-output>
  </reporter-output>
  <suite started-at="2022-12-28T14:26:24 CST" name="Suite" finished-at="2022-12-28T14:26:42 CST" duration-ms="17980">
    <groups>
    </groups>
    <test started-at="2022-12-28T14:26:24 CST" name="Test" finished-at="2022-12-28T14:26:42 CST" duration-ms="17980">
      <class name="Sprint1Movie.ImdbClass">
        <test-method is-config="true" signature="init()[pri:0, instance:Sprint1Movie.ImdbClass@55182842]" started-at="2022-12-28T14:26:24 CST" name="init" finished-at="2022-12-28T14:26:28 CST" duration-ms="3759" status="PASS">
          <reporter-output>
          </reporter-output>
        </test-method> <!-- init -->
        <test-method signature="testIMDB()[pri:0, instance:Sprint1Movie.ImdbClass@55182842]" started-at="2022-12-28T14:26:28 CST" name="testIMDB" finished-at="2022-12-28T14:26:38 CST" duration-ms="10217" status="PASS">
          <reporter-output>
          </reporter-output>
        </test-method> <!-- testIMDB -->
        <test-method signature="testWiki()[pri:0, instance:Sprint1Movie.ImdbClass@55182842]" started-at="2022-12-28T14:26:38 CST" name="testWiki" finished-at="2022-12-28T14:26:42 CST" duration-ms="3923" status="PASS">
          <reporter-output>
          </reporter-output>
        </test-method> <!-- testWiki -->
        <test-method is-config="true" signature="tearDown()[pri:0, instance:Sprint1Movie.ImdbClass@55182842]" started-at="2022-12-28T14:26:42 CST" name="tearDown" finished-at="2022-12-28T14:26:42 CST" duration-ms="0" status="PASS">
          <reporter-output>
          </reporter-output>
        </test-method> <!-- tearDown -->
      </class> <!-- Sprint1Movie.ImdbClass -->
    </test> <!-- Test -->
  </suite> <!-- Suite -->
</testng-results>
